INFO:     Started server process [51162]
INFO:     Waiting for application startup.
INFO:     Application startup complete.
INFO:     Uvicorn running on http://0.0.0.0:8000 (Press CTRL+C to quit)
INFO:     127.0.0.1:56698 - "GET /api/scenarios HTTP/1.1" 200 OK
INFO:     127.0.0.1:49422 - "GET /api/scenarios HTTP/1.1" 200 OK
INFO:     127.0.0.1:49422 - "GET /api/scenarios/narrow HTTP/1.1" 200 OK
 GZIP Files: false
Serve Brotli Files: false
Default File Extension: none

Available on:
  http://127.0.0.1:8080
  http://192.168.174.131:8080
Hit CTRL-C to stop the server

[2026-01-27T07:18:24.655Z]  "GET /" "Mozilla/5.0 (X11; Ubuntu; Linux x86_64; rv:136.0) Gecko/20100101 Firefox/136.0"
(node:51244) [DEP0066] DeprecationWarning: OutgoingMessage.prototype._headers is deprecated
(Use `node --trace-deprecation ...` to show where the warning was created)
[2026-01-27T07:18:24.807Z]  "GET /css/style.css" "Mozilla/5.0 (X11; Ubuntu; Linux x86_64; rv:136.0) Gecko/20100101 Firefox/136.0"
[2026-01-27T07:18:24.809Z]  "GET /js/config.js" "Mozilla/5.0 (X11; Ubuntu; Linux x86_64; rv:136.0) Gecko/20100101 Firefox/136.0"
[2026-01-27T07:18:24.810Z]  "GET /js/canvas.js" "Mozilla/5.0 (X11; Ubuntu; Linux x86_64; rv:136.0) Gecko/20100101 Firefox/136.0"
[2026-01-27T07:18:24.811Z]  "GET /js/api.js" "Mozilla/5.0 (X11; Ubuntu; Linux x86_64; rv:136.0) Gecko/20100101 Firefox/136.0"
[2026-01-27T07:18:24.813Z]  "GET /js/app.js" "Mozilla/5.0 (X11; Ubuntu; Linux x86_64; rv:136.0) Gecko/20100101 Firefox/136.0"
[2026-01-27T07:18:24.907Z]  "GET /favicon.ico" "Mozilla/5.0 (X11; Ubuntu; Linux x86_64; rv:136.0) Gecko/20100101 Firefox/136.0"
[2026-01-27T07:18:24.908Z]  "GET /favicon.ico" Error (404): "Not found"
[2026-01-27T07:19:35.569Z]  "GET /" "curl/7.68.0"
[2026-01-27T07:19:59.822Z]  "GET /" "Mozilla/5.0 (X11; Ubuntu; Linux x86_64; rv:136.0) Gecko/20100101 Firefox/136.0"
[2026-01-27T07:19:59.840Z]  "GET /css/style.css" "Mozilla/5.0 (X11; Ubuntu; Linux x86_64; rv:136.0) Gecko/20100101 Firefox/136.0"
[2026-01-27T07:19:59.841Z]  "GET /js/config.js" "Mozilla/5.0 (X11; Ubuntu; Linux x86_64; rv:136.0) Gecko/20100101 Firefox/136.0"
[2026-01-27T07:19:59.841Z]  "GET /js/canvas.js" "Mozilla/5.0 (X11; Ubuntu; Linux x86_64; rv:136.0) Gecko/20100101 Firefox/136.0"
[2026-01-27T07:19:59.842Z]  "GET /js/api.js" "Mozilla/5.0 (X11; Ubuntu; Linux x86_64; rv:136.0) Gecko/20100101 Firefox/136.0"
[2026-01-27T07:19:59.842Z]  "GET /js/app.js" "Mozilla/5.0 (X11; Ubuntu; Linux x86_64; rv:136.0) Gecko/20100101 Firefox/136.0"
