INFO:     Started server process [45832]
INFO:     Waiting for application startup.
INFO:     Application startup complete.
INFO:     Uvicorn running on http://0.0.0.0:8000 (Press CTRL+C to quit)
INFO:     127.0.0.1:52600 - "OPTIONS /api/plan HTTP/1.1" 200 OK
INFO:     127.0.0.1:52600 - "POST /api/plan HTTP/1.1" 200 OK
INFO:     127.0.0.1:35226 - "POST /api/plan HTTP/1.1" 200 OK
INFO:     Shutting down
INFO:     Waiting for application shutdown.
INFO:     Application shutdown complete.
INFO:     Finished server process [45832]
31:8080
Hit CTRL-C to stop the server

[2026-01-27T07:07:40.842Z]  "GET /" "Mozilla/5.0 (X11; Ubuntu; Linux x86_64; rv:136.0) Gecko/20100101 Firefox/136.0"
(node:45911) [DEP0066] DeprecationWarning: OutgoingMessage.prototype._headers is deprecated
(Use `node --trace-deprecation ...` to show where the warning was created)
[2026-01-27T07:07:40.981Z]  "GET /css/style.css" "Mozilla/5.0 (X11; Ubuntu; Linux x86_64; rv:136.0) Gecko/20100101 Firefox/136.0"
[2026-01-27T07:07:40.983Z]  "GET /js/config.js" "Mozilla/5.0 (X11; Ubuntu; Linux x86_64; rv:136.0) Gecko/20100101 Firefox/136.0"
[2026-01-27T07:07:40.984Z]  "GET /js/canvas.js" "Mozilla/5.0 (X11; Ubuntu; Linux x86_64; rv:136.0) Gecko/20100101 Firefox/136.0"
[2026-01-27T07:07:40.984Z]  "GET /js/api.js" "Mozilla/5.0 (X11; Ubuntu; Linux x86_64; rv:136.0) Gecko/20100101 Firefox/136.0"
[2026-01-27T07:07:40.985Z]  "GET /js/app.js" "Mozilla/5.0 (X11; Ubuntu; Linux x86_64; rv:136.0) Gecko/20100101 Firefox/136.0"
[2026-01-27T07:07:41.333Z]  "GET /" "Mozilla/5.0 (X11; Ubuntu; Linux x86_64; rv:136.0) Gecko/20100101 Firefox/136.0"
[2026-01-27T07:07:41.553Z]  "GET /css/style.css" "Mozilla/5.0 (X11; Ubuntu; Linux x86_64; rv:136.0) Gecko/20100101 Firefox/136.0"
[2026-01-27T07:07:41.554Z]  "GET /js/config.js" "Mozilla/5.0 (X11; Ubuntu; Linux x86_64; rv:136.0) Gecko/20100101 Firefox/136.0"
[2026-01-27T07:07:41.555Z]  "GET /js/canvas.js" "Mozilla/5.0 (X11; Ubuntu; Linux x86_64; rv:136.0) Gecko/20100101 Firefox/136.0"
[2026-01-27T07:07:41.555Z]  "GET /js/api.js" "Mozilla/5.0 (X11; Ubuntu; Linux x86_64; rv:136.0) Gecko/20100101 Firefox/136.0"
[2026-01-27T07:07:41.555Z]  "GET /js/app.js" "Mozilla/5.0 (X11; Ubuntu; Linux x86_64; rv:136.0) Gecko/20100101 Firefox/136.0"
[2026-01-27T07:08:41.623Z]  "GET /" "Mozilla/5.0 (X11; Ubuntu; Linux x86_64; rv:136.0) Gecko/20100101 Firefox/136.0"
[2026-01-27T07:08:41.642Z]  "GET /css/style.css" "Mozilla/5.0 (X11; Ubuntu; Linux x86_64; rv:136.0) Gecko/20100101 Firefox/136.0"
[2026-01-27T07:08:41.643Z]  "GET /js/config.js" "Mozilla/5.0 (X11; Ubuntu; Linux x86_64; rv:136.0) Gecko/20100101 Firefox/136.0"
[2026-01-27T07:08:41.644Z]  "GET /js/canvas.js" "Mozilla/5.0 (X11; Ubuntu; Linux x86_64; rv:136.0) Gecko/20100101 Firefox/136.0"
[2026-01-27T07:08:41.644Z]  "GET /js/api.js" "Mozilla/5.0 (X11; Ubuntu; Linux x86_64; rv:136.0) Gecko/20100101 Firefox/136.0"
[2026-01-27T07:08:41.644Z]  "GET /js/app.js" "Mozilla/5.0 (X11; Ubuntu; Linux x86_64; rv:136.0) Gecko/20100101 Firefox/136.0"
[2026-01-27T07:09:56.429Z]  "GET /" "Mozilla/5.0 (X11; Ubuntu; Linux x86_64; rv:136.0) Gecko/20100101 Firefox/136.0"
[2026-01-27T07:09:56.440Z]  "GET /css/style.css" "Mozilla/5.0 (X11; Ubuntu; Linux x86_64; rv:136.0) Gecko/20100101 Firefox/136.0"
[2026-01-27T07:09:56.442Z]  "GET /js/config.js" "Mozilla/5.0 (X11; Ubuntu; Linux x86_64; rv:136.0) Gecko/20100101 Firefox/136.0"
[2026-01-27T07:09:56.442Z]  "GET /js/canvas.js" "Mozilla/5.0 (X11; Ubuntu; Linux x86_64; rv:136.0) Gecko/20100101 Firefox/136.0"
[2026-01-27T07:09:56.442Z]  "GET /js/api.js" "Mozilla/5.0 (X11; Ubuntu; Linux x86_64; rv:136.0) Gecko/20100101 Firefox/136.0"
[2026-01-27T07:09:56.442Z]  "GET /js/app.js" "Mozilla/5.0 (X11; Ubuntu; Linux x86_64; rv:136.0) Gecko/20100101 Firefox/136.0"
http-server stopped.
