INFO:     Started server process [70331]
INFO:     Waiting for application startup.
INFO:     Application startup complete.
INFO:     Uvicorn running on http://0.0.0.0:8000 (Press CTRL+C to quit)
INFO:     Shutting down
INFO:     Waiting for application shutdown.
INFO:     Application shutdown complete.
INFO:     Finished server process [70331]
✓ 已加载 1 条排行榜记录
Starting up http-server, serving ./

http-server version: 14.1.1

http-server settings: 
CORS: true
Cache: -1 seconds
Connection Timeout: 120 seconds
Directory Listings: visible
AutoIndex: visible
Serve GZIP Files: false
Serve Brotli Files: false
Default File Extension: none

Available on:
  http://127.0.0.1:8080
  http://192.168.174.131:8080
Hit CTRL-C to stop the server

[2026-01-27T08:32:57.397Z]  "GET /" "Mozilla/5.0 (X11; Ubuntu; Linux x86_64; rv:136.0) Gecko/20100101 Firefox/136.0"
(node:70412) [DEP0066] DeprecationWarning: OutgoingMessage.prototype._headers is deprecated
(Use `node --trace-deprecation ...` to show where the warning was created)
[2026-01-27T08:32:57.566Z]  "GET /css/style.css" "Mozilla/5.0 (X11; Ubuntu; Linux x86_64; rv:136.0) Gecko/20100101 Firefox/136.0"
[2026-01-27T08:32:57.568Z]  "GET /js/config.js" "Mozilla/5.0 (X11; Ubuntu; Linux x86_64; rv:136.0) Gecko/20100101 Firefox/136.0"
[2026-01-27T08:32:57.569Z]  "GET /js/canvas.js" "Mozilla/5.0 (X11; Ubuntu; Linux x86_64; rv:136.0) Gecko/20100101 Firefox/136.0"
[2026-01-27T08:32:57.570Z]  "GET /js/api.js" "Mozilla/5.0 (X11; Ubuntu; Linux x86_64; rv:136.0) Gecko/20100101 Firefox/136.0"
[2026-01-27T08:32:57.570Z]  "GET /js/app.js" "Mozilla/5.0 (X11; Ubuntu; Linux x86_64; rv:136.0) Gecko/20100101 Firefox/136.0"
