INFO:     Started server process [71204]
INFO:     Waiting for application startup.
INFO:     Application startup complete.
ERROR:    [Errno 98] error while attempting to bind on address ('0.0.0.0', 8000): address already in use
INFO:     Waiting for application shutdown.
INFO:     Application shutdown complete.
✓ 已加载 1 条排行榜记录
Starting up http-server, serving ./

http-server version: 14.1.1

http-server settings: 
CORS: true
Cache: -1 seconds
Connection Timeout: 120 seconds
Directory Listings: visible
AutoIndex: visible
Serve GZIP Files: false
Serve Brotli Files: false
Default File Extension: none

Available on:
  http://127.0.0.1:8080
  http://192.168.174.131:8080
Hit CTRL-C to stop the server

[2026-01-27T08:34:11.406Z]  "GET /" "Mozilla/5.0 (X11; Ubuntu; Linux x86_64; rv:136.0) Gecko/20100101 Firefox/136.0"
(node:71301) [DEP0066] DeprecationWarning: OutgoingMessage.prototype._headers is deprecated
(Use `node --trace-deprecation ...` to show where the warning was created)
[2026-01-27T08:34:11.582Z]  "GET /css/style.css" "Mozilla/5.0 (X11; Ubuntu; Linux x86_64; rv:136.0) Gecko/20100101 Firefox/136.0"
[2026-01-27T08:34:11.584Z]  "GET /js/config.js" "Mozilla/5.0 (X11; Ubuntu; Linux x86_64; rv:136.0) Gecko/20100101 Firefox/136.0"
[2026-01-27T08:34:11.584Z]  "GET /js/canvas.js" "Mozilla/5.0 (X11; Ubuntu; Linux x86_64; rv:136.0) Gecko/20100101 Firefox/136.0"
[2026-01-27T08:34:11.585Z]  "GET /js/api.js" "Mozilla/5.0 (X11; Ubuntu; Linux x86_64; rv:136.0) Gecko/20100101 Firefox/136.0"
[2026-01-27T08:34:11.586Z]  "GET /js/app.js" "Mozilla/5.0 (X11; Ubuntu; Linux x86_64; rv:136.0) Gecko/20100101 Firefox/136.0"
[2026-01-27T08:34:53.691Z]  "GET /" "Mozilla/5.0 (X11; Ubuntu; Linux x86_64; rv:136.0) Gecko/20100101 Firefox/136.0"
[2026-01-27T08:34:53.709Z]  "GET /css/style.css" "Mozilla/5.0 (X11; Ubuntu; Linux x86_64; rv:136.0) Gecko/20100101 Firefox/136.0"
[2026-01-27T08:34:53.711Z]  "GET /js/config.js" "Mozilla/5.0 (X11; Ubuntu; Linux x86_64; rv:136.0) Gecko/20100101 Firefox/136.0"
[2026-01-27T08:34:53.711Z]  "GET /js/canvas.js" "Mozilla/5.0 (X11; Ubuntu; Linux x86_64; rv:136.0) Gecko/20100101 Firefox/136.0"
[2026-01-27T08:34:53.712Z]  "GET /js/api.js" "Mozilla/5.0 (X11; Ubuntu; Linux x86_64; rv:136.0) Gecko/20100101 Firefox/136.0"
[2026-01-27T08:34:53.712Z]  "GET /js/app.js" "Mozilla/5.0 (X11; Ubuntu; Linux x86_64; rv:136.0) Gecko/20100101 Firefox/136.0"
